<?xml version="1.0" encoding="UTF-8"?>
<coverage generated="1592156859451" clover="3.2.0">
  <project timestamp="1592156859451" name="All files">
    <metrics statements="69" coveredstatements="67" conditionals="41" coveredconditionals="38" methods="16" coveredmethods="16" elements="126" coveredelements="121" complexity="0" loc="69" ncloc="69" packages="2" files="7" classes="7"/>
    <package name="src">
      <metrics statements="12" coveredstatements="11" conditionals="5" coveredconditionals="3" methods="2" coveredmethods="2"/>
      <file name="index.js" path="/mnt/c/Users/altun/Desktop/project-2/src/index.js">
        <metrics statements="4" coveredstatements="4" conditionals="1" coveredconditionals="0" methods="1" coveredmethods="1"/>
        <line num="4" count="1" type="cond" truecount="0" falsecount="1"/>
        <line num="5" count="9" type="stmt"/>
        <line num="6" count="9" type="stmt"/>
        <line num="7" count="9" type="stmt"/>
      </file>
      <file name="parsers.js" path="/mnt/c/Users/altun/Desktop/project-2/src/parsers.js">
        <metrics statements="8" coveredstatements="7" conditionals="4" coveredconditionals="3" methods="1" coveredmethods="1"/>
        <line num="6" count="1" type="stmt"/>
        <line num="7" count="18" type="stmt"/>
        <line num="8" count="18" type="stmt"/>
        <line num="9" count="18" type="cond" truecount="3" falsecount="1"/>
        <line num="11" count="6" type="stmt"/>
        <line num="13" count="6" type="stmt"/>
        <line num="15" count="6" type="stmt"/>
        <line num="17" count="0" type="stmt"/>
      </file>
    </package>
    <package name="src.formatters">
      <metrics statements="57" coveredstatements="56" conditionals="36" coveredconditionals="35" methods="14" coveredmethods="14"/>
      <file name="index.js" path="/mnt/c/Users/altun/Desktop/project-2/src/formatters/index.js">
        <metrics statements="6" coveredstatements="5" conditionals="4" coveredconditionals="3" methods="1" coveredmethods="1"/>
        <line num="5" count="1" type="stmt"/>
        <line num="6" count="9" type="cond" truecount="3" falsecount="1"/>
        <line num="8" count="3" type="stmt"/>
        <line num="10" count="3" type="stmt"/>
        <line num="12" count="3" type="stmt"/>
        <line num="14" count="0" type="stmt"/>
      </file>
      <file name="json.js" path="/mnt/c/Users/altun/Desktop/project-2/src/formatters/json.js">
        <metrics statements="1" coveredstatements="1" conditionals="0" coveredconditionals="0" methods="1" coveredmethods="1"/>
        <line num="3" count="3" type="stmt"/>
      </file>
      <file name="plain.js" path="/mnt/c/Users/altun/Desktop/project-2/src/formatters/plain.js">
        <metrics statements="19" coveredstatements="19" conditionals="14" coveredconditionals="14" methods="5" coveredmethods="5"/>
        <line num="1" count="1" type="stmt"/>
        <line num="2" count="33" type="cond" truecount="2" falsecount="0"/>
        <line num="3" count="3" type="stmt"/>
        <line num="4" count="12" type="stmt"/>
        <line num="5" count="12" type="stmt"/>
        <line num="6" count="48" type="stmt"/>
        <line num="7" count="48" type="stmt"/>
        <line num="8" count="48" type="cond" truecount="4" falsecount="0"/>
        <line num="9" count="27" type="cond" truecount="4" falsecount="0"/>
        <line num="10" count="9" type="stmt"/>
        <line num="12" count="18" type="cond" truecount="2" falsecount="0"/>
        <line num="13" count="9" type="stmt"/>
        <line num="15" count="9" type="stmt"/>
        <line num="17" count="21" type="cond" truecount="2" falsecount="0"/>
        <line num="18" count="6" type="stmt"/>
        <line num="20" count="15" type="stmt"/>
        <line num="21" count="48" type="stmt"/>
        <line num="22" count="12" type="stmt"/>
        <line num="24" count="3" type="stmt"/>
      </file>
      <file name="render.js" path="/mnt/c/Users/altun/Desktop/project-2/src/formatters/render.js">
        <metrics statements="15" coveredstatements="15" conditionals="12" coveredconditionals="12" methods="2" coveredmethods="2"/>
        <line num="1" count="1" type="stmt"/>
        <line num="2" count="24" type="stmt"/>
        <line num="3" count="24" type="stmt"/>
        <line num="4" count="96" type="stmt"/>
        <line num="5" count="96" type="stmt"/>
        <line num="6" count="96" type="cond" truecount="4" falsecount="0"/>
        <line num="7" count="54" type="cond" truecount="4" falsecount="0"/>
        <line num="8" count="18" type="stmt"/>
        <line num="10" count="36" type="cond" truecount="2" falsecount="0"/>
        <line num="11" count="18" type="stmt"/>
        <line num="13" count="18" type="stmt"/>
        <line num="15" count="42" type="cond" truecount="2" falsecount="0"/>
        <line num="16" count="12" type="stmt"/>
        <line num="18" count="30" type="stmt"/>
        <line num="20" count="24" type="stmt"/>
      </file>
      <file name="stylish.js" path="/mnt/c/Users/altun/Desktop/project-2/src/formatters/stylish.js">
        <metrics statements="16" coveredstatements="16" conditionals="6" coveredconditionals="6" methods="5" coveredmethods="5"/>
        <line num="3" count="99" type="stmt"/>
        <line num="5" count="1" type="stmt"/>
        <line num="6" count="72" type="stmt"/>
        <line num="7" count="72" type="cond" truecount="4" falsecount="0"/>
        <line num="8" count="72" type="stmt"/>
        <line num="10" count="1" type="stmt"/>
        <line num="11" count="3" type="stmt"/>
        <line num="12" count="3" type="stmt"/>
        <line num="13" count="27" type="stmt"/>
        <line num="14" count="27" type="stmt"/>
        <line num="15" count="72" type="stmt"/>
        <line num="16" count="72" type="cond" truecount="2" falsecount="0"/>
        <line num="17" count="24" type="stmt"/>
        <line num="19" count="48" type="stmt"/>
        <line num="21" count="27" type="stmt"/>
        <line num="23" count="3" type="stmt"/>
      </file>
    </package>
  </project>
</coverage>
