{"/mnt/c/Users/altun/Desktop/project-2/src/index.js": {"path":"/mnt/c/Users/altun/Desktop/project-2/src/index.js","statementMap":{"0":{"start":{"line":4,"column":16},"end":{"line":8,"column":1}},"1":{"start":{"line":5,"column":21},"end":{"line":5,"column":41}},"2":{"start":{"line":6,"column":20},"end":{"line":6,"column":40}},"3":{"start":{"line":7,"column":2},"end":{"line":7,"column":51}}},"fnMap":{"0":{"name":"(anonymous_0)","decl":{"start":{"line":4,"column":16},"end":{"line":4,"column":17}},"loc":{"start":{"line":4,"column":66},"end":{"line":8,"column":1}},"line":4}},"branchMap":{"0":{"loc":{"start":{"line":4,"column":43},"end":{"line":4,"column":61}},"type":"default-arg","locations":[{"start":{"line":4,"column":52},"end":{"line":4,"column":61}}],"line":4}},"s":{"0":1,"1":9,"2":9,"3":9},"f":{"0":9},"b":{"0":[0]},"_coverageSchema":"1a1c01bbd47fc00a2c39e90264f33305004495a9","hash":"c6221d0582c1ea8f1125eb535886c5a18bf040d9"}
,"/mnt/c/Users/altun/Desktop/project-2/src/parsers.js": {"path":"/mnt/c/Users/altun/Desktop/project-2/src/parsers.js","statementMap":{"0":{"start":{"line":6,"column":16},"end":{"line":19,"column":1}},"1":{"start":{"line":7,"column":14},"end":{"line":7,"column":38}},"2":{"start":{"line":8,"column":19},"end":{"line":8,"column":55}},"3":{"start":{"line":9,"column":2},"end":{"line":18,"column":3}},"4":{"start":{"line":11,"column":6},"end":{"line":11,"column":34}},"5":{"start":{"line":13,"column":6},"end":{"line":13,"column":37}},"6":{"start":{"line":15,"column":6},"end":{"line":15,"column":33}},"7":{"start":{"line":17,"column":6},"end":{"line":17,"column":51}}},"fnMap":{"0":{"name":"(anonymous_0)","decl":{"start":{"line":6,"column":16},"end":{"line":6,"column":17}},"loc":{"start":{"line":6,"column":32},"end":{"line":19,"column":1}},"line":6}},"branchMap":{"0":{"loc":{"start":{"line":9,"column":2},"end":{"line":18,"column":3}},"type":"switch","locations":[{"start":{"line":10,"column":4},"end":{"line":11,"column":34}},{"start":{"line":12,"column":4},"end":{"line":13,"column":37}},{"start":{"line":14,"column":4},"end":{"line":15,"column":33}},{"start":{"line":16,"column":4},"end":{"line":17,"column":51}}],"line":9}},"s":{"0":1,"1":18,"2":18,"3":18,"4":6,"5":6,"6":6,"7":0},"f":{"0":18},"b":{"0":[6,6,6,0]},"_coverageSchema":"1a1c01bbd47fc00a2c39e90264f33305004495a9","hash":"647338ab09dc92bb949e0c3559447e5bfd9e6469"}
,"/mnt/c/Users/altun/Desktop/project-2/src/formatters/index.js": {"path":"/mnt/c/Users/altun/Desktop/project-2/src/formatters/index.js","statementMap":{"0":{"start":{"line":5,"column":24},"end":{"line":16,"column":1}},"1":{"start":{"line":6,"column":2},"end":{"line":15,"column":3}},"2":{"start":{"line":8,"column":6},"end":{"line":8,"column":33}},"3":{"start":{"line":10,"column":6},"end":{"line":10,"column":30}},"4":{"start":{"line":12,"column":6},"end":{"line":12,"column":31}},"5":{"start":{"line":14,"column":6},"end":{"line":14,"column":54}}},"fnMap":{"0":{"name":"(anonymous_0)","decl":{"start":{"line":5,"column":24},"end":{"line":5,"column":25}},"loc":{"start":{"line":5,"column":48},"end":{"line":16,"column":1}},"line":5}},"branchMap":{"0":{"loc":{"start":{"line":6,"column":2},"end":{"line":15,"column":3}},"type":"switch","locations":[{"start":{"line":7,"column":4},"end":{"line":8,"column":33}},{"start":{"line":9,"column":4},"end":{"line":10,"column":30}},{"start":{"line":11,"column":4},"end":{"line":12,"column":31}},{"start":{"line":13,"column":4},"end":{"line":14,"column":54}}],"line":6}},"s":{"0":1,"1":9,"2":3,"3":3,"4":3,"5":0},"f":{"0":9},"b":{"0":[3,3,3,0]},"_coverageSchema":"1a1c01bbd47fc00a2c39e90264f33305004495a9","hash":"04b540fcf1e2def78a18b28fbebc696f552ccf7f"}
,"/mnt/c/Users/altun/Desktop/project-2/src/formatters/json.js": {"path":"/mnt/c/Users/altun/Desktop/project-2/src/formatters/json.js","statementMap":{"0":{"start":{"line":3,"column":22},"end":{"line":3,"column":72}},"1":{"start":{"line":3,"column":38},"end":{"line":3,"column":72}}},"fnMap":{"0":{"name":"(anonymous_0)","decl":{"start":{"line":3,"column":22},"end":{"line":3,"column":23}},"loc":{"start":{"line":3,"column":38},"end":{"line":3,"column":72}},"line":3}},"branchMap":{},"s":{"0":1,"1":3},"f":{"0":3},"b":{},"_coverageSchema":"1a1c01bbd47fc00a2c39e90264f33305004495a9","hash":"cce565a0d39a54118b99a80b250132a5ce6da5d8"}
,"/mnt/c/Users/altun/Desktop/project-2/src/formatters/plain.js": {"path":"/mnt/c/Users/altun/Desktop/project-2/src/formatters/plain.js","statementMap":{"0":{"start":{"line":1,"column":23},"end":{"line":25,"column":1}},"1":{"start":{"line":2,"column":21},"end":{"line":2,"column":89}},"2":{"start":{"line":2,"column":33},"end":{"line":2,"column":88}},"3":{"start":{"line":3,"column":15},"end":{"line":23,"column":3}},"4":{"start":{"line":4,"column":25},"end":{"line":4,"column":75}},"5":{"start":{"line":5,"column":19},"end":{"line":21,"column":36}},"6":{"start":{"line":6,"column":26},"end":{"line":6,"column":44}},"7":{"start":{"line":7,"column":25},"end":{"line":7,"column":42}},"8":{"start":{"line":8,"column":6},"end":{"line":16,"column":7}},"9":{"start":{"line":9,"column":8},"end":{"line":11,"column":9}},"10":{"start":{"line":10,"column":10},"end":{"line":10,"column":64}},"11":{"start":{"line":12,"column":8},"end":{"line":14,"column":9}},"12":{"start":{"line":13,"column":10},"end":{"line":13,"column":27}},"13":{"start":{"line":15,"column":8},"end":{"line":15,"column":119}},"14":{"start":{"line":17,"column":6},"end":{"line":19,"column":7}},"15":{"start":{"line":18,"column":8},"end":{"line":18,"column":54}},"16":{"start":{"line":20,"column":6},"end":{"line":20,"column":90}},"17":{"start":{"line":21,"column":22},"end":{"line":21,"column":24}},"18":{"start":{"line":22,"column":4},"end":{"line":22,"column":18}},"19":{"start":{"line":24,"column":2},"end":{"line":24,"column":30}}},"fnMap":{"0":{"name":"(anonymous_0)","decl":{"start":{"line":1,"column":23},"end":{"line":1,"column":24}},"loc":{"start":{"line":1,"column":39},"end":{"line":25,"column":1}},"line":1},"1":{"name":"(anonymous_1)","decl":{"start":{"line":2,"column":21},"end":{"line":2,"column":22}},"loc":{"start":{"line":2,"column":33},"end":{"line":2,"column":88}},"line":2},"2":{"name":"(anonymous_2)","decl":{"start":{"line":3,"column":15},"end":{"line":3,"column":16}},"loc":{"start":{"line":3,"column":53},"end":{"line":23,"column":3}},"line":3},"3":{"name":"(anonymous_3)","decl":{"start":{"line":5,"column":40},"end":{"line":5,"column":41}},"loc":{"start":{"line":5,"column":49},"end":{"line":21,"column":5}},"line":5},"4":{"name":"(anonymous_4)","decl":{"start":{"line":21,"column":14},"end":{"line":21,"column":15}},"loc":{"start":{"line":21,"column":22},"end":{"line":21,"column":24}},"line":21}},"branchMap":{"0":{"loc":{"start":{"line":2,"column":33},"end":{"line":2,"column":88}},"type":"cond-expr","locations":[{"start":{"line":2,"column":63},"end":{"line":2,"column":80}},{"start":{"line":2,"column":83},"end":{"line":2,"column":88}}],"line":2},"1":{"loc":{"start":{"line":8,"column":6},"end":{"line":16,"column":7}},"type":"if","locations":[{"start":{"line":8,"column":6},"end":{"line":16,"column":7}},{"start":{"line":8,"column":6},"end":{"line":16,"column":7}}],"line":8},"2":{"loc":{"start":{"line":8,"column":10},"end":{"line":8,"column":35}},"type":"binary-expr","locations":[{"start":{"line":8,"column":10},"end":{"line":8,"column":21}},{"start":{"line":8,"column":25},"end":{"line":8,"column":35}}],"line":8},"3":{"loc":{"start":{"line":9,"column":8},"end":{"line":11,"column":9}},"type":"if","locations":[{"start":{"line":9,"column":8},"end":{"line":11,"column":9}},{"start":{"line":9,"column":8},"end":{"line":11,"column":9}}],"line":9},"4":{"loc":{"start":{"line":9,"column":12},"end":{"line":9,"column":81}},"type":"binary-expr","locations":[{"start":{"line":9,"column":12},"end":{"line":9,"column":45}},{"start":{"line":9,"column":49},"end":{"line":9,"column":81}}],"line":9},"5":{"loc":{"start":{"line":12,"column":8},"end":{"line":14,"column":9}},"type":"if","locations":[{"start":{"line":12,"column":8},"end":{"line":14,"column":9}},{"start":{"line":12,"column":8},"end":{"line":14,"column":9}}],"line":12},"6":{"loc":{"start":{"line":17,"column":6},"end":{"line":19,"column":7}},"type":"if","locations":[{"start":{"line":17,"column":6},"end":{"line":19,"column":7}},{"start":{"line":17,"column":6},"end":{"line":19,"column":7}}],"line":17}},"s":{"0":1,"1":3,"2":33,"3":3,"4":12,"5":12,"6":48,"7":48,"8":48,"9":27,"10":9,"11":18,"12":9,"13":9,"14":21,"15":6,"16":15,"17":48,"18":12,"19":3},"f":{"0":3,"1":33,"2":12,"3":48,"4":48},"b":{"0":[12,21],"1":[27,21],"2":[48,33],"3":[9,18],"4":[27,12],"5":[9,9],"6":[6,15]},"_coverageSchema":"1a1c01bbd47fc00a2c39e90264f33305004495a9","hash":"898a74281e9aadf24a34bea344617ed34e436fb0"}
,"/mnt/c/Users/altun/Desktop/project-2/src/formatters/render.js": {"path":"/mnt/c/Users/altun/Desktop/project-2/src/formatters/render.js","statementMap":{"0":{"start":{"line":1,"column":15},"end":{"line":21,"column":1}},"1":{"start":{"line":2,"column":23},"end":{"line":2,"column":73}},"2":{"start":{"line":3,"column":17},"end":{"line":19,"column":8}},"3":{"start":{"line":4,"column":24},"end":{"line":4,"column":42}},"4":{"start":{"line":5,"column":23},"end":{"line":5,"column":40}},"5":{"start":{"line":6,"column":4},"end":{"line":14,"column":5}},"6":{"start":{"line":7,"column":6},"end":{"line":9,"column":7}},"7":{"start":{"line":8,"column":8},"end":{"line":8,"column":78}},"8":{"start":{"line":10,"column":6},"end":{"line":12,"column":7}},"9":{"start":{"line":11,"column":8},"end":{"line":11,"column":58}},"10":{"start":{"line":13,"column":6},"end":{"line":13,"column":93}},"11":{"start":{"line":15,"column":4},"end":{"line":17,"column":5}},"12":{"start":{"line":16,"column":6},"end":{"line":16,"column":63}},"13":{"start":{"line":18,"column":4},"end":{"line":18,"column":60}},"14":{"start":{"line":20,"column":2},"end":{"line":20,"column":16}}},"fnMap":{"0":{"name":"(anonymous_0)","decl":{"start":{"line":1,"column":15},"end":{"line":1,"column":16}},"loc":{"start":{"line":1,"column":48},"end":{"line":21,"column":1}},"line":1},"1":{"name":"(anonymous_1)","decl":{"start":{"line":3,"column":37},"end":{"line":3,"column":38}},"loc":{"start":{"line":3,"column":51},"end":{"line":19,"column":3}},"line":3}},"branchMap":{"0":{"loc":{"start":{"line":6,"column":4},"end":{"line":14,"column":5}},"type":"if","locations":[{"start":{"line":6,"column":4},"end":{"line":14,"column":5}},{"start":{"line":6,"column":4},"end":{"line":14,"column":5}}],"line":6},"1":{"loc":{"start":{"line":6,"column":8},"end":{"line":6,"column":33}},"type":"binary-expr","locations":[{"start":{"line":6,"column":8},"end":{"line":6,"column":19}},{"start":{"line":6,"column":23},"end":{"line":6,"column":33}}],"line":6},"2":{"loc":{"start":{"line":7,"column":6},"end":{"line":9,"column":7}},"type":"if","locations":[{"start":{"line":7,"column":6},"end":{"line":9,"column":7}},{"start":{"line":7,"column":6},"end":{"line":9,"column":7}}],"line":7},"3":{"loc":{"start":{"line":7,"column":10},"end":{"line":7,"column":79}},"type":"binary-expr","locations":[{"start":{"line":7,"column":10},"end":{"line":7,"column":43}},{"start":{"line":7,"column":47},"end":{"line":7,"column":79}}],"line":7},"4":{"loc":{"start":{"line":10,"column":6},"end":{"line":12,"column":7}},"type":"if","locations":[{"start":{"line":10,"column":6},"end":{"line":12,"column":7}},{"start":{"line":10,"column":6},"end":{"line":12,"column":7}}],"line":10},"5":{"loc":{"start":{"line":15,"column":4},"end":{"line":17,"column":5}},"type":"if","locations":[{"start":{"line":15,"column":4},"end":{"line":17,"column":5}},{"start":{"line":15,"column":4},"end":{"line":17,"column":5}}],"line":15}},"s":{"0":1,"1":24,"2":24,"3":96,"4":96,"5":96,"6":54,"7":18,"8":36,"9":18,"10":18,"11":42,"12":12,"13":30,"14":24},"f":{"0":24,"1":96},"b":{"0":[54,42],"1":[96,66],"2":[18,36],"3":[54,24],"4":[18,18],"5":[12,30]},"_coverageSchema":"1a1c01bbd47fc00a2c39e90264f33305004495a9","hash":"f89b2b94e496e6e0d3de78ba198b85835e36d025"}
,"/mnt/c/Users/altun/Desktop/project-2/src/formatters/stylish.js": {"path":"/mnt/c/Users/altun/Desktop/project-2/src/formatters/stylish.js","statementMap":{"0":{"start":{"line":3,"column":12},"end":{"line":3,"column":32}},"1":{"start":{"line":3,"column":19},"end":{"line":3,"column":32}},"2":{"start":{"line":5,"column":17},"end":{"line":9,"column":1}},"3":{"start":{"line":6,"column":22},"end":{"line":6,"column":38}},"4":{"start":{"line":7,"column":19},"end":{"line":7,"column":81}},"5":{"start":{"line":8,"column":2},"end":{"line":8,"column":23}},"6":{"start":{"line":10,"column":25},"end":{"line":24,"column":1}},"7":{"start":{"line":11,"column":20},"end":{"line":11,"column":38}},"8":{"start":{"line":12,"column":15},"end":{"line":22,"column":3}},"9":{"start":{"line":13,"column":25},"end":{"line":13,"column":41}},"10":{"start":{"line":14,"column":19},"end":{"line":20,"column":10}},"11":{"start":{"line":15,"column":20},"end":{"line":15,"column":28}},"12":{"start":{"line":16,"column":6},"end":{"line":18,"column":7}},"13":{"start":{"line":17,"column":8},"end":{"line":17,"column":104}},"14":{"start":{"line":19,"column":6},"end":{"line":19,"column":66}},"15":{"start":{"line":21,"column":4},"end":{"line":21,"column":49}},"16":{"start":{"line":23,"column":2},"end":{"line":23,"column":31}}},"fnMap":{"0":{"name":"(anonymous_0)","decl":{"start":{"line":3,"column":12},"end":{"line":3,"column":13}},"loc":{"start":{"line":3,"column":19},"end":{"line":3,"column":32}},"line":3},"1":{"name":"(anonymous_1)","decl":{"start":{"line":5,"column":17},"end":{"line":5,"column":18}},"loc":{"start":{"line":5,"column":33},"end":{"line":9,"column":1}},"line":5},"2":{"name":"(anonymous_2)","decl":{"start":{"line":10,"column":25},"end":{"line":10,"column":26}},"loc":{"start":{"line":10,"column":41},"end":{"line":24,"column":1}},"line":10},"3":{"name":"(anonymous_3)","decl":{"start":{"line":12,"column":15},"end":{"line":12,"column":16}},"loc":{"start":{"line":12,"column":48},"end":{"line":22,"column":3}},"line":12},"4":{"name":"(anonymous_4)","decl":{"start":{"line":14,"column":39},"end":{"line":14,"column":40}},"loc":{"start":{"line":14,"column":53},"end":{"line":20,"column":5}},"line":14}},"branchMap":{"0":{"loc":{"start":{"line":7,"column":19},"end":{"line":7,"column":81}},"type":"cond-expr","locations":[{"start":{"line":7,"column":64},"end":{"line":7,"column":73}},{"start":{"line":7,"column":76},"end":{"line":7,"column":81}}],"line":7},"1":{"loc":{"start":{"line":7,"column":19},"end":{"line":7,"column":61}},"type":"binary-expr","locations":[{"start":{"line":7,"column":19},"end":{"line":7,"column":38}},{"start":{"line":7,"column":42},"end":{"line":7,"column":61}}],"line":7},"2":{"loc":{"start":{"line":16,"column":6},"end":{"line":18,"column":7}},"type":"if","locations":[{"start":{"line":16,"column":6},"end":{"line":18,"column":7}},{"start":{"line":16,"column":6},"end":{"line":18,"column":7}}],"line":16}},"s":{"0":1,"1":99,"2":1,"3":72,"4":72,"5":72,"6":1,"7":3,"8":3,"9":27,"10":27,"11":72,"12":72,"13":24,"14":48,"15":27,"16":3},"f":{"0":99,"1":72,"2":3,"3":27,"4":72},"b":{"0":[39,33],"1":[72,48],"2":[24,48]},"_coverageSchema":"1a1c01bbd47fc00a2c39e90264f33305004495a9","hash":"b67ef1f6e0641eb84bbc16d06c966732b5c11d1e"}
}
