TN:
SF:src/index.js
FN:4,(anonymous_0)
FNF:1
FNH:1
FNDA:9,(anonymous_0)
DA:4,1
DA:5,9
DA:6,9
DA:7,9
LF:4
LH:4
BRDA:4,0,0,0
BRF:1
BRH:0
end_of_record
TN:
SF:src/parsers.js
FN:6,(anonymous_0)
FNF:1
FNH:1
FNDA:18,(anonymous_0)
DA:6,1
DA:7,18
DA:8,18
DA:9,18
DA:11,6
DA:13,6
DA:15,6
DA:17,0
LF:8
LH:7
BRDA:9,0,0,6
BRDA:9,0,1,6
BRDA:9,0,2,6
BRDA:9,0,3,0
BRF:4
BRH:3
end_of_record
TN:
SF:src/formatters/index.js
FN:5,(anonymous_0)
FNF:1
FNH:1
FNDA:9,(anonymous_0)
DA:5,1
DA:6,9
DA:8,3
DA:10,3
DA:12,3
DA:14,0
LF:6
LH:5
BRDA:6,0,0,3
BRDA:6,0,1,3
BRDA:6,0,2,3
BRDA:6,0,3,0
BRF:4
BRH:3
end_of_record
TN:
SF:src/formatters/json.js
FN:3,(anonymous_0)
FNF:1
FNH:1
FNDA:3,(anonymous_0)
DA:3,3
LF:1
LH:1
BRF:0
BRH:0
end_of_record
TN:
SF:src/formatters/plain.js
FN:1,(anonymous_0)
FN:2,(anonymous_1)
FN:3,(anonymous_2)
FN:5,(anonymous_3)
FN:21,(anonymous_4)
FNF:5
FNH:5
FNDA:3,(anonymous_0)
FNDA:33,(anonymous_1)
FNDA:12,(anonymous_2)
FNDA:48,(anonymous_3)
FNDA:48,(anonymous_4)
DA:1,1
DA:2,33
DA:3,3
DA:4,12
DA:5,12
DA:6,48
DA:7,48
DA:8,48
DA:9,27
DA:10,9
DA:12,18
DA:13,9
DA:15,9
DA:17,21
DA:18,6
DA:20,15
DA:21,48
DA:22,12
DA:24,3
LF:19
LH:19
BRDA:2,0,0,12
BRDA:2,0,1,21
BRDA:8,1,0,27
BRDA:8,1,1,21
BRDA:8,2,0,48
BRDA:8,2,1,33
BRDA:9,3,0,9
BRDA:9,3,1,18
BRDA:9,4,0,27
BRDA:9,4,1,12
BRDA:12,5,0,9
BRDA:12,5,1,9
BRDA:17,6,0,6
BRDA:17,6,1,15
BRF:14
BRH:14
end_of_record
TN:
SF:src/formatters/render.js
FN:1,(anonymous_0)
FN:3,(anonymous_1)
FNF:2
FNH:2
FNDA:24,(anonymous_0)
FNDA:96,(anonymous_1)
DA:1,1
DA:2,24
DA:3,24
DA:4,96
DA:5,96
DA:6,96
DA:7,54
DA:8,18
DA:10,36
DA:11,18
DA:13,18
DA:15,42
DA:16,12
DA:18,30
DA:20,24
LF:15
LH:15
BRDA:6,0,0,54
BRDA:6,0,1,42
BRDA:6,1,0,96
BRDA:6,1,1,66
BRDA:7,2,0,18
BRDA:7,2,1,36
BRDA:7,3,0,54
BRDA:7,3,1,24
BRDA:10,4,0,18
BRDA:10,4,1,18
BRDA:15,5,0,12
BRDA:15,5,1,30
BRF:12
BRH:12
end_of_record
TN:
SF:src/formatters/stylish.js
FN:3,(anonymous_0)
FN:5,(anonymous_1)
FN:10,(anonymous_2)
FN:12,(anonymous_3)
FN:14,(anonymous_4)
FNF:5
FNH:5
FNDA:99,(anonymous_0)
FNDA:72,(anonymous_1)
FNDA:3,(anonymous_2)
FNDA:27,(anonymous_3)
FNDA:72,(anonymous_4)
DA:3,99
DA:5,1
DA:6,72
DA:7,72
DA:8,72
DA:10,1
DA:11,3
DA:12,3
DA:13,27
DA:14,27
DA:15,72
DA:16,72
DA:17,24
DA:19,48
DA:21,27
DA:23,3
LF:16
LH:16
BRDA:7,0,0,39
BRDA:7,0,1,33
BRDA:7,1,0,72
BRDA:7,1,1,48
BRDA:16,2,0,24
BRDA:16,2,1,48
BRF:6
BRH:6
end_of_record
